[2022-01-08 17:47:44] 
        Текст ошибки: SQLSTATE[42S22]: Column not found: 1054 Unknown column 'id_product' in 'group statement' | Файл: C:\Programming\OpenServer\domains\projectTrening\Project2OOP\vendor\gabordemooij\redbean\RedBeanPHP\Driver\RPDO.php Строка: 206 
        
========================
[2022-01-08 18:21:14] 
        Текст ошибки: SQLSTATE[42000]: Syntax error or access violation: 1064 You have an error in your SQL syntax; check the manual that corresponds to your MySQL server version for the right syntax to use near '1' at line 1 | Файл: C:\Programming\OpenServer\domains\projectTrening\Project2OOP\vendor\gabordemooij\redbean\RedBeanPHP\Driver\RPDO.php Строка: 206 
        
========================
[2022-01-08 18:21:43] 
        Текст ошибки: SQLSTATE[42000]: Syntax error or access violation: 1064 You have an error in your SQL syntax; check the manual that corresponds to your MySQL server version for the right syntax to use near '1' at line 1 | Файл: C:\Programming\OpenServer\domains\projectTrening\Project2OOP\vendor\gabordemooij\redbean\RedBeanPHP\Driver\RPDO.php Строка: 206 
        
========================
[2022-01-08 18:22:04] 
        Текст ошибки: SQLSTATE[42000]: Syntax error or access violation: 1064 You have an error in your SQL syntax; check the manual that corresponds to your MySQL server version for the right syntax to use near '1' at line 1 | Файл: C:\Programming\OpenServer\domains\projectTrening\Project2OOP\vendor\gabordemooij\redbean\RedBeanPHP\Driver\RPDO.php Строка: 206 
        
========================
[2022-01-08 18:24:14] 
        Текст ошибки: SQLSTATE[42000]: Syntax error or access violation: 1064 You have an error in your SQL syntax; check the manual that corresponds to your MySQL server version for the right syntax to use near '1,2,3,4,5,6,7,10' at line 1 | Файл: C:\Programming\OpenServer\domains\projectTrening\Project2OOP\vendor\gabordemooij\redbean\RedBeanPHP\Driver\RPDO.php Строка: 206 
        
========================
[2022-01-08 18:44:27] 
        Текст ошибки: SQLSTATE[42000]: Syntax error or access violation: 1064 You have an error in your SQL syntax; check the manual that corresponds to your MySQL server version for the right syntax to use near ')' at line 1 | Файл: C:\Programming\OpenServer\domains\projectTrening\Project2OOP\vendor\gabordemooij\redbean\RedBeanPHP\Driver\RPDO.php Строка: 206 
        
========================
[2022-01-10 09:06:49] 
        Текст ошибки: SQLSTATE[42S22]: Column not found: 1054 Unknown column 'additional' in 'field list' | Файл: C:\Programming\OpenServer\domains\projectTrening\Project2OOP\vendor\gabordemooij\redbean\RedBeanPHP\Driver\RPDO.php Строка: 206 
        
========================
[2022-01-10 09:28:48] 
        Текст ошибки: SQLSTATE[42S02]: Base table or view not found: 1146 Table 'project_luxury_oop.productr' doesn't exist | Файл: C:\Programming\OpenServer\domains\projectTrening\Project2OOP\vendor\gabordemooij\redbean\RedBeanPHP\Driver\RPDO.php Строка: 206 
        
========================
[2022-01-10 09:29:14] 
        Текст ошибки: SQLSTATE[23000]: Integrity constraint violation: 1052 Column 'img' in field list is ambiguous | Файл: C:\Programming\OpenServer\domains\projectTrening\Project2OOP\vendor\gabordemooij\redbean\RedBeanPHP\Driver\RPDO.php Строка: 206 
        
========================
[2022-01-10 09:29:15] 
        Текст ошибки: SQLSTATE[23000]: Integrity constraint violation: 1052 Column 'img' in field list is ambiguous | Файл: C:\Programming\OpenServer\domains\projectTrening\Project2OOP\vendor\gabordemooij\redbean\RedBeanPHP\Driver\RPDO.php Строка: 206 
        
========================
[2022-01-10 09:29:34] 
        Текст ошибки: SQLSTATE[23000]: Integrity constraint violation: 1052 Column 'id' in on clause is ambiguous | Файл: C:\Programming\OpenServer\domains\projectTrening\Project2OOP\vendor\gabordemooij\redbean\RedBeanPHP\Driver\RPDO.php Строка: 206 
        
========================
